04/06/2024 05:40:06 AM - INFO - Launching chrome browser for product https://www.amazon.com/ASUS-VG32VQ1B-Supports-Adaptive-sync-DisplayPort/dp/B088MKF848/ref=sr_1_1_sspa?crid=2MHCMNV0K2MWG&dib=eyJ2IjoiMSJ9.NyokXkabJBSZbAXaCG6-Bk0zRNX3db77kddh8-hi34pxzyjlr7LYcTGVIfMs0BZZRIv-jZ5WLQlAB_A_ZjQOahiwOnDPKCn4CSFAtf3Gn-xEfrd-0jmygaygi797onfXLsJrrPH8oYYGWQgoo0rkY7r-I45_cCuTbPMlWvrgGHVh-dS2LjQxmsrLYoPE1NYTr2E3ALAlLkn_0DNsa7Tb-Z79NxGQvk6x_ZRxT_CsOIU.TZ904-Wu8RTIvyMRJVJUU2xQqhhh6Pah6Q5ujxaYZkY&dib_tag=se&keywords=8k%2Bgaming%2Bmonitor%2B360hz&qid=1711850888&sprefix=8k%2Bgmain%2Caps%2C77&sr=8-1-spons&sp_csd=d2lkZ2V0TmFtZT1zcF9hdGY&th=1
04/06/2024 05:40:06 AM - INFO - Launching chrome browser for product https://www.amazon.com/gp/product/B09VLK9W3S/ref=ox_sc_act_image_1?smid=ATVPDKIKX0DER&th=1
04/06/2024 05:40:06 AM - INFO - Launching chrome browser for product https://www.amazon.com/gp/product/B0CFG9VXK2/ref=ox_sc_saved_image_6?smid=A3QR4864ATM9Z9&psc=1
04/06/2024 05:40:06 AM - INFO - Launching chrome browser for product https://www.amazon.com/ASUS-Gaming-GeForce-Graphics-DisplayPort/dp/B0CQPXJFND/ref=sr_1_3?crid=D5U7C9821VRI&dib=eyJ2IjoiMSJ9.BVV-GCL5ukQp7a-jL9xG7Xti1PYiRJbfVjsLPNP1YK02OTcCMW9xqr8YG4MRFmFeg8H9HVyrbwBQmvyP_7m1PEpMLBPTFyN3NFSpi3ebZyBpunDcCBgG-Mq81PK3FoTxmh_yjE5qgoBgshvB3p31p857m-be06AzJWpbqNJCxetf00c9HzMrKTF1z9pn25PLWAL2ddEdKCJS5tYz7zDFu6O3clQUdql0oqDIe92eIbM.QKTLB1tugX-tWla1TrON4K1uyXGEPH7OM28z5FxblaE&dib_tag=se&keywords=4070+ti+super&qid=1711851151&sprefix=4070%2Caps%2C75&sr=8-3
04/06/2024 05:40:06 AM - INFO - Launching chrome browser for product https://www.amazon.com/Elements-Portable-External-Drive-WDBU6Y0050BBK-WESN/dp/B07X41PWTY/ref=sr_1_3?crid=UUMQ88ZP2DRM&dib=eyJ2IjoiMSJ9.5xpL4xtL3kBNzApFH-AUIwZyNPeQ0hOAArXTXjg8Rr0JtlxieWp3V21_jK_GOToBsbqWi8O4MWBESCTN4i-Kslo8fHjY6xor7CTrd95l8i9T7ov-x1ULNZv9hs1XfUEjQXXttazLJZPYELHUoN4KdtvhCqLOdxGh9WG3CR1b9BUYAX3B3LFZROLg12x9MuSFHOcQJQrPgexswR69VkVqRG2H5JqimOg0mCP_pOlGrhU.fmc4h4pFp5pn_MBYW3iYvp1snWjBVCNwuo1DNvyTqgg&dib_tag=se&keywords=portable%2Bhdd&qid=1711842158&sprefix=portable%2Bhdd%2Caps%2C88&sr=8-3&th=1
04/06/2024 05:40:06 AM - INFO - Launching chrome browser for product https://www.amazon.com/SanDisk-2TB-Extreme-Portable-SDSSDE61-2T00-G25/dp/B08HN37XC1/ref=pd_ci_mcx_mh_mcx_views_0?pd_rd_w=8XSIK&content-id=amzn1.sym.225b4624-972d-4629-9040-f1bf9923dd95%3Aamzn1.symc.40e6a10e-cbc4-4fa5-81e3-4435ff64d03b&pf_rd_p=225b4624-972d-4629-9040-f1bf9923dd95&pf_rd_r=A2E91CEKYBA5YR4RS2MN&pd_rd_wg=RX7jS&pd_rd_r=02ec48a2-e941-4f74-b3b4-126b6e94fa91&pd_rd_i=B08HN37XC1
04/06/2024 05:40:06 AM - INFO - Launching chrome browser for product https://www.amazon.com/gp/product/B0874XN4D8/ref=ox_sc_act_image_2?smid=ATVPDKIKX0DER&th=1
04/06/2024 05:40:06 AM - INFO - Launching chrome browser for product https://www.amazon.com/ASUS-VG34VQL1B-DisplayPort-Adjustable-DisplayHDR/dp/B08LCMYT54/ref=sr_1_1_sspa?crid=2LZNPCYZG4DRT&dib=eyJ2IjoiMSJ9.iXvmLLEoduJKSpKHG8sy7wYKi5ReNhN34YQPUx8CKlJvoefrRRNkKKhE79R68zDgb9RW4tIPiMn3OC_VyqG70TlXXeWuPZVXZQm6eSNMk0p-2fZtAd-1N8OWQ-mhWWf8CdxpU6w_3xA4UwQViefUtJ8OA65tgfHjxFeO2zZLQf9Drgx_fdgt5OKKyKVHu0Gr3Fj4LTr-BVRVdh3cHFnKtmik0kSuXHyja4HWUSg4HEQ.yKrc7vbteh6NbzUN4FaKp6jd98K3WXHTNCGGyu3EpuM&dib_tag=se&keywords=wide%2Bscreen%2Bcurved%2Bmonitors%2B4k&qid=1711851017&sprefix=wide%2Bsc%2Caps%2C81&sr=8-1-spons&sp_csd=d2lkZ2V0TmFtZT1zcF9hdGY&th=1
04/06/2024 05:40:22 AM - ERROR - Error processing https://www.amazon.com/gp/product/B0CFG9VXK2/ref=ox_sc_saved_image_6?smid=A3QR4864ATM9Z9&psc=1: Message: 
Stacktrace:
0   chromedriver                        0x0000000100ab8474 chromedriver + 4326516
1   chromedriver                        0x0000000100ab093c chromedriver + 4294972
2   chromedriver                        0x00000001006dc088 chromedriver + 278664
3   chromedriver                        0x000000010071ea80 chromedriver + 551552
4   chromedriver                        0x00000001007574f8 chromedriver + 783608
5   chromedriver                        0x00000001007134e4 chromedriver + 505060
6   chromedriver                        0x0000000100713f5c chromedriver + 507740
7   chromedriver                        0x0000000100a7ba10 chromedriver + 4078096
8   chromedriver                        0x0000000100a807c8 chromedriver + 4097992
9   chromedriver                        0x0000000100a625b4 chromedriver + 3974580
10  chromedriver                        0x0000000100a810e0 chromedriver + 4100320
11  chromedriver                        0x0000000100a53ba4 chromedriver + 3914660
12  chromedriver                        0x0000000100aa16e8 chromedriver + 4232936
13  chromedriver                        0x0000000100aa1864 chromedriver + 4233316
14  chromedriver                        0x0000000100ab05b0 chromedriver + 4294064
15  libsystem_pthread.dylib             0x000000019198ef94 _pthread_start + 136
16  libsystem_pthread.dylib             0x0000000191989d34 thread_start + 8

04/06/2024 05:40:22 AM - ERROR - Error processing https://www.amazon.com/ASUS-Gaming-GeForce-Graphics-DisplayPort/dp/B0CQPXJFND/ref=sr_1_3?crid=D5U7C9821VRI&dib=eyJ2IjoiMSJ9.BVV-GCL5ukQp7a-jL9xG7Xti1PYiRJbfVjsLPNP1YK02OTcCMW9xqr8YG4MRFmFeg8H9HVyrbwBQmvyP_7m1PEpMLBPTFyN3NFSpi3ebZyBpunDcCBgG-Mq81PK3FoTxmh_yjE5qgoBgshvB3p31p857m-be06AzJWpbqNJCxetf00c9HzMrKTF1z9pn25PLWAL2ddEdKCJS5tYz7zDFu6O3clQUdql0oqDIe92eIbM.QKTLB1tugX-tWla1TrON4K1uyXGEPH7OM28z5FxblaE&dib_tag=se&keywords=4070+ti+super&qid=1711851151&sprefix=4070%2Caps%2C75&sr=8-3: Message: 
Stacktrace:
0   chromedriver                        0x0000000104f68474 chromedriver + 4326516
1   chromedriver                        0x0000000104f6093c chromedriver + 4294972
2   chromedriver                        0x0000000104b8c088 chromedriver + 278664
3   chromedriver                        0x0000000104bcea80 chromedriver + 551552
4   chromedriver                        0x0000000104c074f8 chromedriver + 783608
5   chromedriver                        0x0000000104bc34e4 chromedriver + 505060
6   chromedriver                        0x0000000104bc3f5c chromedriver + 507740
7   chromedriver                        0x0000000104f2ba10 chromedriver + 4078096
8   chromedriver                        0x0000000104f307c8 chromedriver + 4097992
9   chromedriver                        0x0000000104f125b4 chromedriver + 3974580
10  chromedriver                        0x0000000104f310e0 chromedriver + 4100320
11  chromedriver                        0x0000000104f03ba4 chromedriver + 3914660
12  chromedriver                        0x0000000104f516e8 chromedriver + 4232936
13  chromedriver                        0x0000000104f51864 chromedriver + 4233316
14  chromedriver                        0x0000000104f605b0 chromedriver + 4294064
15  libsystem_pthread.dylib             0x000000019198ef94 _pthread_start + 136
16  libsystem_pthread.dylib             0x0000000191989d34 thread_start + 8

04/06/2024 05:40:22 AM - ERROR - Error processing https://www.amazon.com/ASUS-VG34VQL1B-DisplayPort-Adjustable-DisplayHDR/dp/B08LCMYT54/ref=sr_1_1_sspa?crid=2LZNPCYZG4DRT&dib=eyJ2IjoiMSJ9.iXvmLLEoduJKSpKHG8sy7wYKi5ReNhN34YQPUx8CKlJvoefrRRNkKKhE79R68zDgb9RW4tIPiMn3OC_VyqG70TlXXeWuPZVXZQm6eSNMk0p-2fZtAd-1N8OWQ-mhWWf8CdxpU6w_3xA4UwQViefUtJ8OA65tgfHjxFeO2zZLQf9Drgx_fdgt5OKKyKVHu0Gr3Fj4LTr-BVRVdh3cHFnKtmik0kSuXHyja4HWUSg4HEQ.yKrc7vbteh6NbzUN4FaKp6jd98K3WXHTNCGGyu3EpuM&dib_tag=se&keywords=wide%2Bscreen%2Bcurved%2Bmonitors%2B4k&qid=1711851017&sprefix=wide%2Bsc%2Caps%2C81&sr=8-1-spons&sp_csd=d2lkZ2V0TmFtZT1zcF9hdGY&th=1: Message: 
Stacktrace:
0   chromedriver                        0x0000000100d78474 chromedriver + 4326516
1   chromedriver                        0x0000000100d7093c chromedriver + 4294972
2   chromedriver                        0x000000010099c088 chromedriver + 278664
3   chromedriver                        0x00000001009dea80 chromedriver + 551552
4   chromedriver                        0x0000000100a174f8 chromedriver + 783608
5   chromedriver                        0x00000001009d34e4 chromedriver + 505060
6   chromedriver                        0x00000001009d3f5c chromedriver + 507740
7   chromedriver                        0x0000000100d3ba10 chromedriver + 4078096
8   chromedriver                        0x0000000100d407c8 chromedriver + 4097992
9   chromedriver                        0x0000000100d225b4 chromedriver + 3974580
10  chromedriver                        0x0000000100d410e0 chromedriver + 4100320
11  chromedriver                        0x0000000100d13ba4 chromedriver + 3914660
12  chromedriver                        0x0000000100d616e8 chromedriver + 4232936
13  chromedriver                        0x0000000100d61864 chromedriver + 4233316
14  chromedriver                        0x0000000100d705b0 chromedriver + 4294064
15  libsystem_pthread.dylib             0x000000019198ef94 _pthread_start + 136
16  libsystem_pthread.dylib             0x0000000191989d34 thread_start + 8

04/06/2024 05:40:22 AM - ERROR - Error processing https://www.amazon.com/ASUS-VG32VQ1B-Supports-Adaptive-sync-DisplayPort/dp/B088MKF848/ref=sr_1_1_sspa?crid=2MHCMNV0K2MWG&dib=eyJ2IjoiMSJ9.NyokXkabJBSZbAXaCG6-Bk0zRNX3db77kddh8-hi34pxzyjlr7LYcTGVIfMs0BZZRIv-jZ5WLQlAB_A_ZjQOahiwOnDPKCn4CSFAtf3Gn-xEfrd-0jmygaygi797onfXLsJrrPH8oYYGWQgoo0rkY7r-I45_cCuTbPMlWvrgGHVh-dS2LjQxmsrLYoPE1NYTr2E3ALAlLkn_0DNsa7Tb-Z79NxGQvk6x_ZRxT_CsOIU.TZ904-Wu8RTIvyMRJVJUU2xQqhhh6Pah6Q5ujxaYZkY&dib_tag=se&keywords=8k%2Bgaming%2Bmonitor%2B360hz&qid=1711850888&sprefix=8k%2Bgmain%2Caps%2C77&sr=8-1-spons&sp_csd=d2lkZ2V0TmFtZT1zcF9hdGY&th=1: Message: 
Stacktrace:
0   chromedriver                        0x0000000102918474 chromedriver + 4326516
1   chromedriver                        0x000000010291093c chromedriver + 4294972
2   chromedriver                        0x000000010253c088 chromedriver + 278664
3   chromedriver                        0x000000010257ea80 chromedriver + 551552
4   chromedriver                        0x00000001025b74f8 chromedriver + 783608
5   chromedriver                        0x00000001025734e4 chromedriver + 505060
6   chromedriver                        0x0000000102573f5c chromedriver + 507740
7   chromedriver                        0x00000001028dba10 chromedriver + 4078096
8   chromedriver                        0x00000001028e07c8 chromedriver + 4097992
9   chromedriver                        0x00000001028c25b4 chromedriver + 3974580
10  chromedriver                        0x00000001028e10e0 chromedriver + 4100320
11  chromedriver                        0x00000001028b3ba4 chromedriver + 3914660
12  chromedriver                        0x00000001029016e8 chromedriver + 4232936
13  chromedriver                        0x0000000102901864 chromedriver + 4233316
14  chromedriver                        0x00000001029105b0 chromedriver + 4294064
15  libsystem_pthread.dylib             0x000000019198ef94 _pthread_start + 136
16  libsystem_pthread.dylib             0x0000000191989d34 thread_start + 8

04/06/2024 05:40:22 AM - ERROR - Error processing https://www.amazon.com/gp/product/B09VLK9W3S/ref=ox_sc_act_image_1?smid=ATVPDKIKX0DER&th=1: Message: 
Stacktrace:
0   chromedriver                        0x0000000104ac8474 chromedriver + 4326516
1   chromedriver                        0x0000000104ac093c chromedriver + 4294972
2   chromedriver                        0x00000001046ec088 chromedriver + 278664
3   chromedriver                        0x000000010472ea80 chromedriver + 551552
4   chromedriver                        0x00000001047674f8 chromedriver + 783608
5   chromedriver                        0x00000001047234e4 chromedriver + 505060
6   chromedriver                        0x0000000104723f5c chromedriver + 507740
7   chromedriver                        0x0000000104a8ba10 chromedriver + 4078096
8   chromedriver                        0x0000000104a907c8 chromedriver + 4097992
9   chromedriver                        0x0000000104a725b4 chromedriver + 3974580
10  chromedriver                        0x0000000104a910e0 chromedriver + 4100320
11  chromedriver                        0x0000000104a63ba4 chromedriver + 3914660
12  chromedriver                        0x0000000104ab16e8 chromedriver + 4232936
13  chromedriver                        0x0000000104ab1864 chromedriver + 4233316
14  chromedriver                        0x0000000104ac05b0 chromedriver + 4294064
15  libsystem_pthread.dylib             0x000000019198ef94 _pthread_start + 136
16  libsystem_pthread.dylib             0x0000000191989d34 thread_start + 8

04/06/2024 05:40:22 AM - ERROR - Error processing https://www.amazon.com/Elements-Portable-External-Drive-WDBU6Y0050BBK-WESN/dp/B07X41PWTY/ref=sr_1_3?crid=UUMQ88ZP2DRM&dib=eyJ2IjoiMSJ9.5xpL4xtL3kBNzApFH-AUIwZyNPeQ0hOAArXTXjg8Rr0JtlxieWp3V21_jK_GOToBsbqWi8O4MWBESCTN4i-Kslo8fHjY6xor7CTrd95l8i9T7ov-x1ULNZv9hs1XfUEjQXXttazLJZPYELHUoN4KdtvhCqLOdxGh9WG3CR1b9BUYAX3B3LFZROLg12x9MuSFHOcQJQrPgexswR69VkVqRG2H5JqimOg0mCP_pOlGrhU.fmc4h4pFp5pn_MBYW3iYvp1snWjBVCNwuo1DNvyTqgg&dib_tag=se&keywords=portable%2Bhdd&qid=1711842158&sprefix=portable%2Bhdd%2Caps%2C88&sr=8-3&th=1: Message: 
Stacktrace:
0   chromedriver                        0x0000000100784474 chromedriver + 4326516
1   chromedriver                        0x000000010077c93c chromedriver + 4294972
2   chromedriver                        0x00000001003a8088 chromedriver + 278664
3   chromedriver                        0x00000001003eaa80 chromedriver + 551552
4   chromedriver                        0x00000001004234f8 chromedriver + 783608
5   chromedriver                        0x00000001003df4e4 chromedriver + 505060
6   chromedriver                        0x00000001003dff5c chromedriver + 507740
7   chromedriver                        0x0000000100747a10 chromedriver + 4078096
8   chromedriver                        0x000000010074c7c8 chromedriver + 4097992
9   chromedriver                        0x000000010072e5b4 chromedriver + 3974580
10  chromedriver                        0x000000010074d0e0 chromedriver + 4100320
11  chromedriver                        0x000000010071fba4 chromedriver + 3914660
12  chromedriver                        0x000000010076d6e8 chromedriver + 4232936
13  chromedriver                        0x000000010076d864 chromedriver + 4233316
14  chromedriver                        0x000000010077c5b0 chromedriver + 4294064
15  libsystem_pthread.dylib             0x000000019198ef94 _pthread_start + 136
16  libsystem_pthread.dylib             0x0000000191989d34 thread_start + 8

04/06/2024 05:40:22 AM - ERROR - Error processing https://www.amazon.com/SanDisk-2TB-Extreme-Portable-SDSSDE61-2T00-G25/dp/B08HN37XC1/ref=pd_ci_mcx_mh_mcx_views_0?pd_rd_w=8XSIK&content-id=amzn1.sym.225b4624-972d-4629-9040-f1bf9923dd95%3Aamzn1.symc.40e6a10e-cbc4-4fa5-81e3-4435ff64d03b&pf_rd_p=225b4624-972d-4629-9040-f1bf9923dd95&pf_rd_r=A2E91CEKYBA5YR4RS2MN&pd_rd_wg=RX7jS&pd_rd_r=02ec48a2-e941-4f74-b3b4-126b6e94fa91&pd_rd_i=B08HN37XC1: Message: 
Stacktrace:
0   chromedriver                        0x0000000102eb4474 chromedriver + 4326516
1   chromedriver                        0x0000000102eac93c chromedriver + 4294972
2   chromedriver                        0x0000000102ad8088 chromedriver + 278664
3   chromedriver                        0x0000000102b1aa80 chromedriver + 551552
4   chromedriver                        0x0000000102b534f8 chromedriver + 783608
5   chromedriver                        0x0000000102b0f4e4 chromedriver + 505060
6   chromedriver                        0x0000000102b0ff5c chromedriver + 507740
7   chromedriver                        0x0000000102e77a10 chromedriver + 4078096
8   chromedriver                        0x0000000102e7c7c8 chromedriver + 4097992
9   chromedriver                        0x0000000102e5e5b4 chromedriver + 3974580
10  chromedriver                        0x0000000102e7d0e0 chromedriver + 4100320
11  chromedriver                        0x0000000102e4fba4 chromedriver + 3914660
12  chromedriver                        0x0000000102e9d6e8 chromedriver + 4232936
13  chromedriver                        0x0000000102e9d864 chromedriver + 4233316
14  chromedriver                        0x0000000102eac5b0 chromedriver + 4294064
15  libsystem_pthread.dylib             0x000000019198ef94 _pthread_start + 136
16  libsystem_pthread.dylib             0x0000000191989d34 thread_start + 8

04/06/2024 05:40:22 AM - ERROR - Error processing https://www.amazon.com/gp/product/B0874XN4D8/ref=ox_sc_act_image_2?smid=ATVPDKIKX0DER&th=1: Message: 
Stacktrace:
0   chromedriver                        0x00000001005cc474 chromedriver + 4326516
1   chromedriver                        0x00000001005c493c chromedriver + 4294972
2   chromedriver                        0x00000001001f0088 chromedriver + 278664
3   chromedriver                        0x0000000100232a80 chromedriver + 551552
4   chromedriver                        0x000000010026b4f8 chromedriver + 783608
5   chromedriver                        0x00000001002274e4 chromedriver + 505060
6   chromedriver                        0x0000000100227f5c chromedriver + 507740
7   chromedriver                        0x000000010058fa10 chromedriver + 4078096
8   chromedriver                        0x00000001005947c8 chromedriver + 4097992
9   chromedriver                        0x00000001005765b4 chromedriver + 3974580
10  chromedriver                        0x00000001005950e0 chromedriver + 4100320
11  chromedriver                        0x0000000100567ba4 chromedriver + 3914660
12  chromedriver                        0x00000001005b56e8 chromedriver + 4232936
13  chromedriver                        0x00000001005b5864 chromedriver + 4233316
14  chromedriver                        0x00000001005c45b0 chromedriver + 4294064
15  libsystem_pthread.dylib             0x000000019198ef94 _pthread_start + 136
16  libsystem_pthread.dylib             0x0000000191989d34 thread_start + 8

04/06/2024 05:40:22 AM - INFO - CSV file has been updated with current prices.
